<?xml version="1.0" encoding="UTF-8"?>
<coverage generated="1642604713042" clover="3.2.0">
  <project timestamp="1642604713042" name="All files">
    <metrics statements="6" coveredstatements="6" conditionals="1" coveredconditionals="0" methods="9" coveredmethods="9" elements="16" coveredelements="15" complexity="0" loc="6" ncloc="6" packages="1" files="1" classes="1"/>
    <file name="api.js" path="/Users/serkan.erip/workspace/kata/pact-kata/consumer/api.js">
      <metrics statements="6" coveredstatements="6" conditionals="1" coveredconditionals="0" methods="9" coveredmethods="9"/>
      <line num="3" count="1" type="stmt"/>
      <line num="5" count="4" type="cond" truecount="0" falsecount="1"/>
      <line num="7" count="1" type="stmt"/>
      <line num="9" count="1" type="stmt"/>
      <line num="11" count="1" type="stmt"/>
      <line num="13" count="1" type="stmt"/>
    </file>
  </project>
</coverage>
