{"/Users/serkan.erip/workspace/kata/pact-kata/consumer/api.js": {"path":"/Users/serkan.erip/workspace/kata/pact-kata/consumer/api.js","statementMap":{"0":{"start":{"line":3,"column":23},"end":{"line":3,"column":46}},"1":{"start":{"line":5,"column":19},"end":{"line":15,"column":2}},"2":{"start":{"line":5,"column":50},"end":{"line":15,"column":1}},"3":{"start":{"line":7,"column":4},"end":{"line":7,"column":75}},"4":{"start":{"line":7,"column":54},"end":{"line":7,"column":74}},"5":{"start":{"line":9,"column":6},"end":{"line":9,"column":67}},"6":{"start":{"line":9,"column":53},"end":{"line":9,"column":66}},"7":{"start":{"line":11,"column":6},"end":{"line":11,"column":67}},"8":{"start":{"line":11,"column":53},"end":{"line":11,"column":66}},"9":{"start":{"line":13,"column":6},"end":{"line":13,"column":66}},"10":{"start":{"line":13,"column":52},"end":{"line":13,"column":65}}},"fnMap":{"0":{"name":"(anonymous_0)","decl":{"start":{"line":5,"column":19},"end":{"line":5,"column":20}},"loc":{"start":{"line":5,"column":50},"end":{"line":15,"column":1}},"line":5},"1":{"name":"(anonymous_1)","decl":{"start":{"line":6,"column":13},"end":{"line":6,"column":14}},"loc":{"start":{"line":7,"column":4},"end":{"line":7,"column":75}},"line":7},"2":{"name":"(anonymous_2)","decl":{"start":{"line":7,"column":40},"end":{"line":7,"column":41}},"loc":{"start":{"line":7,"column":54},"end":{"line":7,"column":74}},"line":7},"3":{"name":"(anonymous_3)","decl":{"start":{"line":8,"column":12},"end":{"line":8,"column":13}},"loc":{"start":{"line":9,"column":6},"end":{"line":9,"column":67}},"line":9},"4":{"name":"(anonymous_4)","decl":{"start":{"line":9,"column":41},"end":{"line":9,"column":42}},"loc":{"start":{"line":9,"column":53},"end":{"line":9,"column":66}},"line":9},"5":{"name":"(anonymous_5)","decl":{"start":{"line":10,"column":12},"end":{"line":10,"column":13}},"loc":{"start":{"line":11,"column":6},"end":{"line":11,"column":67}},"line":11},"6":{"name":"(anonymous_6)","decl":{"start":{"line":11,"column":41},"end":{"line":11,"column":42}},"loc":{"start":{"line":11,"column":53},"end":{"line":11,"column":66}},"line":11},"7":{"name":"(anonymous_7)","decl":{"start":{"line":12,"column":8},"end":{"line":12,"column":9}},"loc":{"start":{"line":13,"column":6},"end":{"line":13,"column":66}},"line":13},"8":{"name":"(anonymous_8)","decl":{"start":{"line":13,"column":40},"end":{"line":13,"column":41}},"loc":{"start":{"line":13,"column":52},"end":{"line":13,"column":65}},"line":13}},"branchMap":{"0":{"loc":{"start":{"line":5,"column":20},"end":{"line":5,"column":44}},"type":"default-arg","locations":[{"start":{"line":5,"column":30},"end":{"line":5,"column":44}}],"line":5}},"s":{"0":1,"1":1,"2":4,"3":1,"4":1,"5":1,"6":1,"7":1,"8":1,"9":1,"10":1},"f":{"0":4,"1":1,"2":1,"3":1,"4":1,"5":1,"6":1,"7":1,"8":1},"b":{"0":[0]},"_coverageSchema":"1a1c01bbd47fc00a2c39e90264f33305004495a9","hash":"ad102d8da808d205d9f43051fa4382664cd66cd3"}
}
